{
  "0 debug pnpm:scope": {
    "selected": 1
  },
  "1 info pnpm": {
    "err": {
      "name": "Error",
      "message": "not found: clearn",
      "code": "ENOENT",
      "stack": "Error: not found: clearn\n    at getNotFoundError (/Users/zyc/.config/yarn/global/node_modules/pnpm/dist/pnpm.cjs:41689:51)\n    at Function.whichSync [as sync] (/Users/zyc/.config/yarn/global/node_modules/pnpm/dist/pnpm.cjs:41766:13)\n    at getCommandAbsolutePathSync (/Users/zyc/.config/yarn/global/node_modules/pnpm/dist/pnpm.cjs:43331:44)\n    at default_1 (/Users/zyc/.config/yarn/global/node_modules/pnpm/dist/pnpm.cjs:43340:32)\n    at /Users/zyc/.config/yarn/global/node_modules/pnpm/dist/pnpm.cjs:178600:39"
    }
  },
  "2 error pnpm": {
    "code": "ERR_PNPM_RECURSIVE_EXEC_FIRST_FAIL",
    "prefix": "/Users/zyc",
    "err": {
      "name": "pnpm",
      "message": "not found: clearn",
      "code": "ERR_PNPM_RECURSIVE_EXEC_FIRST_FAIL",
      "stack": "Error: not found: clearn\n    at getNotFoundError (/Users/zyc/.config/yarn/global/node_modules/pnpm/dist/pnpm.cjs:41689:51)\n    at Function.whichSync [as sync] (/Users/zyc/.config/yarn/global/node_modules/pnpm/dist/pnpm.cjs:41766:13)\n    at getCommandAbsolutePathSync (/Users/zyc/.config/yarn/global/node_modules/pnpm/dist/pnpm.cjs:43331:44)\n    at default_1 (/Users/zyc/.config/yarn/global/node_modules/pnpm/dist/pnpm.cjs:43340:32)\n    at /Users/zyc/.config/yarn/global/node_modules/pnpm/dist/pnpm.cjs:178600:39"
    }
  }
}